<?xml version="1.0" encoding="UTF-8" ?>
<testsuite tests="1" failures="0" name="org.labruzeza.colectividades.dao.VentaDAOTest" time="0.002" errors="1" skipped="0">
  <properties>
[...]
</properties>
  <testcase classname="org.labruzeza.colectividades.dao.VentaDAOTest" name="testDAO" time="0.002">
    <error message="org.h2.jdbc.JdbcSQLException: Columna &quot;CODFACTURA&quot; no encontrada
Column &quot;CODFACTURA&quot; not found; SQL statement:
insert into venta ( codigo, fecha, codFactura ) values ( ?, current_timestamp(), ? ) [42122-181]" type="java.lang.RuntimeException">java.lang.RuntimeException: org.h2.jdbc.JdbcSQLException: Columna &quot;CODFACTURA&quot; no encontrada
Column &quot;CODFACTURA&quot; not found; SQL statement:
insert into venta ( codigo, fecha, codFactura ) values ( ?, current_timestamp(), ? ) [42122-181]
	at org.labruzeza.colectividades.dao.impl.jdbc.commons.GenericDAO.doInsertAutoIncr(GenericDAO.java:255)
	at org.labruzeza.colectividades.dao.impl.jdbc.VentaDAOImpl.insert(VentaDAOImpl.java:98)
	at org.labruzeza.colectividades.dao.VentaDAOTest.testDAO(VentaDAOTest.java:57)
	at sun.reflect.NativeMethodAccessorImpl.invoke0(Native Method)
	at sun.reflect.NativeMethodAccessorImpl.invoke(Unknown Source)
	at sun.reflect.DelegatingMethodAccessorImpl.invoke(Unknown Source)
	at java.lang.reflect.Method.invoke(Unknown Source)
	at org.junit.runners.model.FrameworkMethod$1.runReflectiveCall(FrameworkMethod.java:47)
	at org.junit.internal.runners.model.ReflectiveCallable.run(ReflectiveCallable.java:12)
	at org.junit.runners.model.FrameworkMethod.invokeExplosively(FrameworkMethod.java:44)
	at org.junit.internal.runners.statements.InvokeMethod.evaluate(InvokeMethod.java:17)
	at org.junit.runners.ParentRunner.runLeaf(ParentRunner.java:271)
	at org.junit.runners.BlockJUnit4ClassRunner.runChild(BlockJUnit4ClassRunner.java:70)
	at org.junit.runners.BlockJUnit4ClassRunner.runChild(BlockJUnit4ClassRunner.java:50)
	at org.junit.runners.ParentRunner$3.run(ParentRunner.java:238)
	at org.junit.runners.ParentRunner$1.schedule(ParentRunner.java:63)
	at org.junit.runners.ParentRunner.runChildren(ParentRunner.java:236)
	at org.junit.runners.ParentRunner.access$000(ParentRunner.java:53)
	at org.junit.runners.ParentRunner$2.evaluate(ParentRunner.java:229)
	at org.junit.internal.runners.statements.RunBefores.evaluate(RunBefores.java:26)
	at org.junit.runners.ParentRunner.run(ParentRunner.java:309)
	at org.apache.maven.surefire.junit4.JUnit4Provider.execute(JUnit4Provider.java:252)
	at org.apache.maven.surefire.junit4.JUnit4Provider.executeTestSet(JUnit4Provider.java:141)
	at org.apache.maven.surefire.junit4.JUnit4Provider.invoke(JUnit4Provider.java:112)
	at sun.reflect.NativeMethodAccessorImpl.invoke0(Native Method)
	at sun.reflect.NativeMethodAccessorImpl.invoke(Unknown Source)
	at sun.reflect.DelegatingMethodAccessorImpl.invoke(Unknown Source)
	at java.lang.reflect.Method.invoke(Unknown Source)
	at org.apache.maven.surefire.util.ReflectionUtils.invokeMethodWithArray(ReflectionUtils.java:189)
	at org.apache.maven.surefire.booter.ProviderFactory$ProviderProxy.invoke(ProviderFactory.java:165)
	at org.apache.maven.surefire.booter.ProviderFactory.invokeProvider(ProviderFactory.java:85)
	at org.apache.maven.surefire.booter.ForkedBooter.runSuitesInProcess(ForkedBooter.java:115)
	at org.apache.maven.surefire.booter.ForkedBooter.main(ForkedBooter.java:75)
Caused by: org.h2.jdbc.JdbcSQLException: Columna &quot;CODFACTURA&quot; no encontrada
Column &quot;CODFACTURA&quot; not found; SQL statement:
insert into venta ( codigo, fecha, codFactura ) values ( ?, current_timestamp(), ? ) [42122-181]
	at org.h2.message.DbException.getJdbcSQLException(DbException.java:345)
	at org.h2.message.DbException.get(DbException.java:179)
	at org.h2.message.DbException.get(DbException.java:155)
	at org.h2.table.Table.getColumn(Table.java:636)
	at org.h2.command.Parser.parseColumn(Parser.java:850)
	at org.h2.command.Parser.parseColumnList(Parser.java:834)
	at org.h2.command.Parser.parseInsert(Parser.java:1034)
	at org.h2.command.Parser.parsePrepared(Parser.java:401)
	at org.h2.command.Parser.parse(Parser.java:305)
	at org.h2.command.Parser.parse(Parser.java:277)
	at org.h2.command.Parser.prepareCommand(Parser.java:242)
	at org.h2.engine.Session.prepareLocal(Session.java:446)
	at org.h2.engine.Session.prepareCommand(Session.java:388)
	at org.h2.jdbc.JdbcConnection.prepareCommand(JdbcConnection.java:1189)
	at org.h2.jdbc.JdbcPreparedStatement.&lt;init&gt;(JdbcPreparedStatement.java:72)
	at org.h2.jdbc.JdbcConnection.prepareStatement(JdbcConnection.java:277)
	at org.h2.jdbc.JdbcConnection.prepareStatement(JdbcConnection.java:1123)
	at org.apache.commons.dbcp.DelegatingConnection.prepareStatement(DelegatingConnection.java:508)
	at org.apache.commons.dbcp.PoolingDataSource$PoolGuardConnectionWrapper.prepareStatement(PoolingDataSource.java:400)
	at org.labruzeza.colectividades.dao.impl.jdbc.commons.GenericDAO.doInsertAutoIncr(GenericDAO.java:241)
	... 32 more
</error>
    <system-out>===== initDatabase... 
create table status : 0
test VentaDAO 
Insert : null|AAAAAAAAAAAAAAAAAAAAAAAAAAAAAAAAAAAAAAAAAAAAA|2001-06-22|null
</system-out>
  </testcase>
</testsuite>